2024-08-02T22:12:34.710-06:00  INFO 5047 --- [springboot-memory-issues] [restartedMain] c.m.s.SpringbootMemoryIssuesApplication  : Starting SpringbootMemoryIssuesApplication using Java 22.0.2 with PID 5047 (/Users/nichaurasia/Programming/SpringBootProjects/JVM-memory-issues/build/classes/java/main started by nichaurasia in /Users/nichaurasia/Programming/SpringBootProjects/JVM-memory-issues)
2024-08-02T22:12:34.717-06:00  INFO 5047 --- [springboot-memory-issues] [restartedMain] c.m.s.SpringbootMemoryIssuesApplication  : No active profile set, falling back to 1 default profile: "default"
2024-08-02T22:12:34.830-06:00  INFO 5047 --- [springboot-memory-issues] [restartedMain] .e.DevToolsPropertyDefaultsPostProcessor : Devtools property defaults active! Set 'spring.devtools.add-properties' to 'false' to disable
2024-08-02T22:12:34.831-06:00  INFO 5047 --- [springboot-memory-issues] [restartedMain] .e.DevToolsPropertyDefaultsPostProcessor : For additional web related logging consider setting the 'logging.level.web' property to 'DEBUG'
2024-08-02T22:12:36.917-06:00  INFO 5047 --- [springboot-memory-issues] [restartedMain] .s.d.r.c.RepositoryConfigurationDelegate : Bootstrapping Spring Data JPA repositories in DEFAULT mode.
2024-08-02T22:12:36.958-06:00  INFO 5047 --- [springboot-memory-issues] [restartedMain] .s.d.r.c.RepositoryConfigurationDelegate : Finished Spring Data repository scanning in 29 ms. Found 0 JPA repository interfaces.
2024-08-02T22:12:38.376-06:00  INFO 5047 --- [springboot-memory-issues] [restartedMain] o.s.b.w.embedded.tomcat.TomcatWebServer  : Tomcat initialized with port 8080 (http)
2024-08-02T22:12:38.392-06:00  INFO 5047 --- [springboot-memory-issues] [restartedMain] o.apache.catalina.core.StandardService   : Starting service [Tomcat]
2024-08-02T22:12:38.393-06:00  INFO 5047 --- [springboot-memory-issues] [restartedMain] o.apache.catalina.core.StandardEngine    : Starting Servlet engine: [Apache Tomcat/10.1.19]
2024-08-02T22:12:38.461-06:00  INFO 5047 --- [springboot-memory-issues] [restartedMain] o.a.c.c.C.[Tomcat].[localhost].[/]       : Initializing Spring embedded WebApplicationContext
2024-08-02T22:12:38.462-06:00  INFO 5047 --- [springboot-memory-issues] [restartedMain] w.s.c.ServletWebServerApplicationContext : Root WebApplicationContext: initialization completed in 3628 ms
2024-08-02T22:12:38.963-06:00  INFO 5047 --- [springboot-memory-issues] [restartedMain] o.hibernate.jpa.internal.util.LogHelper  : HHH000204: Processing PersistenceUnitInfo [name: default]
2024-08-02T22:12:39.041-06:00  INFO 5047 --- [springboot-memory-issues] [restartedMain] org.hibernate.Version                    : HHH000412: Hibernate ORM core version 6.4.4.Final
2024-08-02T22:12:39.090-06:00  INFO 5047 --- [springboot-memory-issues] [restartedMain] o.h.c.internal.RegionFactoryInitiator    : HHH000026: Second-level cache disabled
2024-08-02T22:12:39.457-06:00  INFO 5047 --- [springboot-memory-issues] [restartedMain] o.s.o.j.p.SpringPersistenceUnitInfo      : No LoadTimeWeaver setup: ignoring JPA class transformer
2024-08-02T22:12:39.495-06:00  INFO 5047 --- [springboot-memory-issues] [restartedMain] com.zaxxer.hikari.HikariDataSource       : HikariPool-1 - Starting...
2024-08-02T22:12:39.699-06:00  INFO 5047 --- [springboot-memory-issues] [restartedMain] com.zaxxer.hikari.pool.HikariPool        : HikariPool-1 - Added connection org.postgresql.jdbc.PgConnection@5d823c03
2024-08-02T22:12:39.701-06:00  INFO 5047 --- [springboot-memory-issues] [restartedMain] com.zaxxer.hikari.HikariDataSource       : HikariPool-1 - Start completed.
2024-08-02T22:12:39.766-06:00  WARN 5047 --- [springboot-memory-issues] [restartedMain] org.hibernate.orm.deprecation            : HHH90000025: PostgreSQLDialect does not need to be specified explicitly using 'hibernate.dialect' (remove the property setting and it will be selected by default)
2024-08-02T22:12:40.265-06:00  INFO 5047 --- [springboot-memory-issues] [restartedMain] o.h.e.t.j.p.i.JtaPlatformInitiator       : HHH000489: No JTA platform available (set 'hibernate.transaction.jta.platform' to enable JTA platform integration)
2024-08-02T22:12:40.273-06:00  INFO 5047 --- [springboot-memory-issues] [restartedMain] j.LocalContainerEntityManagerFactoryBean : Initialized JPA EntityManagerFactory for persistence unit 'default'
2024-08-02T22:12:41.057-06:00  WARN 5047 --- [springboot-memory-issues] [restartedMain] JpaBaseConfiguration$JpaWebConfiguration : spring.jpa.open-in-view is enabled by default. Therefore, database queries may be performed during view rendering. Explicitly configure spring.jpa.open-in-view to disable this warning
2024-08-02T22:12:43.234-06:00  INFO 5047 --- [springboot-memory-issues] [restartedMain] o.s.b.d.a.OptionalLiveReloadServer       : LiveReload server is running on port 35729
2024-08-02T22:12:43.254-06:00  INFO 5047 --- [springboot-memory-issues] [restartedMain] o.s.b.a.e.web.EndpointLinksResolver      : Exposing 3 endpoint(s) beneath base path '/actuator'
2024-08-02T22:12:43.418-06:00  INFO 5047 --- [springboot-memory-issues] [restartedMain] o.s.b.w.embedded.tomcat.TomcatWebServer  : Tomcat started on port 8080 (http) with context path ''
2024-08-02T22:12:43.453-06:00  INFO 5047 --- [springboot-memory-issues] [restartedMain] c.m.s.SpringbootMemoryIssuesApplication  : Started SpringbootMemoryIssuesApplication in 9.561 seconds (process running for 11.003)
2024-08-02T22:12:44.021-06:00  INFO 5047 --- [springboot-memory-issues] [RMI TCP Connection(3)-10.0.0.93] o.a.c.c.C.[Tomcat].[localhost].[/]       : Initializing Spring DispatcherServlet 'dispatcherServlet'
2024-08-02T22:12:44.022-06:00  INFO 5047 --- [springboot-memory-issues] [RMI TCP Connection(3)-10.0.0.93] o.s.web.servlet.DispatcherServlet        : Initializing Servlet 'dispatcherServlet'
2024-08-02T22:12:44.028-06:00  INFO 5047 --- [springboot-memory-issues] [RMI TCP Connection(3)-10.0.0.93] o.s.web.servlet.DispatcherServlet        : Completed initialization in 4 ms
2024-08-02T22:12:48.574-06:00  INFO 5047 --- [springboot-memory-issues] [http-nio-8080-exec-5] o.springdoc.api.AbstractOpenApiResource  : Init duration for springdoc-openapi is: 390 ms
2024-08-02T22:12:50.849-06:00  INFO 5047 --- [springboot-memory-issues] [http-nio-8080-exec-6] c.m.s.controller.AppController           : Memory leak demo
2024-08-02T22:12:50.957-06:00  INFO 5047 --- [springboot-memory-issues] [http-nio-8080-exec-6] c.m.s.service.memoryleak.MapManager      : Deleted 1000 Records from map!
2024-08-02T22:12:51.071-06:00  INFO 5047 --- [springboot-memory-issues] [http-nio-8080-exec-6] c.m.s.service.memoryleak.MapManager      : Deleted 1000 Records from map!
2024-08-02T22:12:51.174-06:00  INFO 5047 --- [springboot-memory-issues] [http-nio-8080-exec-6] c.m.s.service.memoryleak.MapManager      : Deleted 1000 Records from map!
2024-08-02T22:12:51.280-06:00  INFO 5047 --- [springboot-memory-issues] [http-nio-8080-exec-6] c.m.s.service.memoryleak.MapManager      : Deleted 1000 Records from map!
2024-08-02T22:12:51.387-06:00  INFO 5047 --- [springboot-memory-issues] [http-nio-8080-exec-6] c.m.s.service.memoryleak.MapManager      : Deleted 1000 Records from map!
2024-08-02T22:12:51.496-06:00  INFO 5047 --- [springboot-memory-issues] [http-nio-8080-exec-6] c.m.s.service.memoryleak.MapManager      : Deleted 1000 Records from map!
2024-08-02T22:12:51.604-06:00  INFO 5047 --- [springboot-memory-issues] [http-nio-8080-exec-6] c.m.s.service.memoryleak.MapManager      : Deleted 1000 Records from map!
2024-08-02T22:12:51.713-06:00  INFO 5047 --- [springboot-memory-issues] [http-nio-8080-exec-6] c.m.s.service.memoryleak.MapManager      : Deleted 1000 Records from map!
2024-08-02T22:12:51.822-06:00  INFO 5047 --- [springboot-memory-issues] [http-nio-8080-exec-6] c.m.s.service.memoryleak.MapManager      : Deleted 1000 Records from map!
2024-08-02T22:12:51.930-06:00  INFO 5047 --- [springboot-memory-issues] [http-nio-8080-exec-6] c.m.s.service.memoryleak.MapManager      : Deleted 1000 Records from map!
2024-08-02T22:12:52.039-06:00  INFO 5047 --- [springboot-memory-issues] [http-nio-8080-exec-6] c.m.s.service.memoryleak.MapManager      : Deleted 1000 Records from map!
2024-08-02T22:12:52.147-06:00  INFO 5047 --- [springboot-memory-issues] [http-nio-8080-exec-6] c.m.s.service.memoryleak.MapManager      : Deleted 1000 Records from map!
2024-08-02T22:12:52.255-06:00  INFO 5047 --- [springboot-memory-issues] [http-nio-8080-exec-6] c.m.s.service.memoryleak.MapManager      : Deleted 1000 Records from map!
2024-08-02T22:12:52.360-06:00  INFO 5047 --- [springboot-memory-issues] [http-nio-8080-exec-6] c.m.s.service.memoryleak.MapManager      : Deleted 1000 Records from map!
2024-08-02T22:12:52.463-06:00  INFO 5047 --- [springboot-memory-issues] [http-nio-8080-exec-6] c.m.s.service.memoryleak.MapManager      : Deleted 1000 Records from map!
2024-08-02T22:12:52.573-06:00  INFO 5047 --- [springboot-memory-issues] [http-nio-8080-exec-6] c.m.s.service.memoryleak.MapManager      : Deleted 1000 Records from map!
2024-08-02T22:12:52.680-06:00  INFO 5047 --- [springboot-memory-issues] [http-nio-8080-exec-6] c.m.s.service.memoryleak.MapManager      : Deleted 1000 Records from map!
2024-08-02T22:12:52.787-06:00  INFO 5047 --- [springboot-memory-issues] [http-nio-8080-exec-6] c.m.s.service.memoryleak.MapManager      : Deleted 1000 Records from map!
2024-08-02T22:12:52.891-06:00  INFO 5047 --- [springboot-memory-issues] [http-nio-8080-exec-6] c.m.s.service.memoryleak.MapManager      : Deleted 1000 Records from map!
2024-08-02T22:12:53.000-06:00  INFO 5047 --- [springboot-memory-issues] [http-nio-8080-exec-6] c.m.s.service.memoryleak.MapManager      : Deleted 1000 Records from map!
2024-08-02T22:12:53.110-06:00  INFO 5047 --- [springboot-memory-issues] [http-nio-8080-exec-6] c.m.s.service.memoryleak.MapManager      : Deleted 1000 Records from map!
2024-08-02T22:12:53.217-06:00  INFO 5047 --- [springboot-memory-issues] [http-nio-8080-exec-6] c.m.s.service.memoryleak.MapManager      : Deleted 1000 Records from map!
2024-08-02T22:12:53.325-06:00  INFO 5047 --- [springboot-memory-issues] [http-nio-8080-exec-6] c.m.s.service.memoryleak.MapManager      : Deleted 1000 Records from map!
2024-08-02T22:12:53.426-06:00  INFO 5047 --- [springboot-memory-issues] [http-nio-8080-exec-6] c.m.s.service.memoryleak.MapManager      : Deleted 1000 Records from map!
2024-08-02T22:12:53.531-06:00  INFO 5047 --- [springboot-memory-issues] [http-nio-8080-exec-6] c.m.s.service.memoryleak.MapManager      : Deleted 1000 Records from map!
2024-08-02T22:12:53.638-06:00  INFO 5047 --- [springboot-memory-issues] [http-nio-8080-exec-6] c.m.s.service.memoryleak.MapManager      : Deleted 1000 Records from map!
2024-08-02T22:12:53.746-06:00  INFO 5047 --- [springboot-memory-issues] [http-nio-8080-exec-6] c.m.s.service.memoryleak.MapManager      : Deleted 1000 Records from map!
2024-08-02T22:12:53.855-06:00  INFO 5047 --- [springboot-memory-issues] [http-nio-8080-exec-6] c.m.s.service.memoryleak.MapManager      : Deleted 1000 Records from map!
2024-08-02T22:12:53.960-06:00  INFO 5047 --- [springboot-memory-issues] [http-nio-8080-exec-6] c.m.s.service.memoryleak.MapManager      : Deleted 1000 Records from map!
2024-08-02T22:12:54.068-06:00  INFO 5047 --- [springboot-memory-issues] [http-nio-8080-exec-6] c.m.s.service.memoryleak.MapManager      : Deleted 1000 Records from map!
2024-08-02T22:12:54.176-06:00  INFO 5047 --- [springboot-memory-issues] [http-nio-8080-exec-6] c.m.s.service.memoryleak.MapManager      : Deleted 1000 Records from map!
2024-08-02T22:12:54.280-06:00  INFO 5047 --- [springboot-memory-issues] [http-nio-8080-exec-6] c.m.s.service.memoryleak.MapManager      : Deleted 1000 Records from map!
2024-08-02T22:12:54.390-06:00  INFO 5047 --- [springboot-memory-issues] [http-nio-8080-exec-6] c.m.s.service.memoryleak.MapManager      : Deleted 1000 Records from map!
2024-08-02T22:12:54.496-06:00  INFO 5047 --- [springboot-memory-issues] [http-nio-8080-exec-6] c.m.s.service.memoryleak.MapManager      : Deleted 1000 Records from map!
2024-08-02T22:12:54.604-06:00  INFO 5047 --- [springboot-memory-issues] [http-nio-8080-exec-6] c.m.s.service.memoryleak.MapManager      : Deleted 1000 Records from map!
2024-08-02T22:12:54.713-06:00  INFO 5047 --- [springboot-memory-issues] [http-nio-8080-exec-6] c.m.s.service.memoryleak.MapManager      : Deleted 1000 Records from map!
2024-08-02T22:12:54.822-06:00  INFO 5047 --- [springboot-memory-issues] [http-nio-8080-exec-6] c.m.s.service.memoryleak.MapManager      : Deleted 1000 Records from map!
2024-08-02T22:12:54.932-06:00  INFO 5047 --- [springboot-memory-issues] [http-nio-8080-exec-6] c.m.s.service.memoryleak.MapManager      : Deleted 1000 Records from map!
2024-08-02T22:12:55.040-06:00  INFO 5047 --- [springboot-memory-issues] [http-nio-8080-exec-6] c.m.s.service.memoryleak.MapManager      : Deleted 1000 Records from map!
2024-08-02T22:12:55.142-06:00  INFO 5047 --- [springboot-memory-issues] [http-nio-8080-exec-6] c.m.s.service.memoryleak.MapManager      : Deleted 1000 Records from map!
2024-08-02T22:12:55.252-06:00  INFO 5047 --- [springboot-memory-issues] [http-nio-8080-exec-6] c.m.s.service.memoryleak.MapManager      : Deleted 1000 Records from map!
2024-08-02T22:12:55.360-06:00  INFO 5047 --- [springboot-memory-issues] [http-nio-8080-exec-6] c.m.s.service.memoryleak.MapManager      : Deleted 1000 Records from map!
2024-08-02T22:12:55.470-06:00  INFO 5047 --- [springboot-memory-issues] [http-nio-8080-exec-6] c.m.s.service.memoryleak.MapManager      : Deleted 1000 Records from map!
2024-08-02T22:12:55.579-06:00  INFO 5047 --- [springboot-memory-issues] [http-nio-8080-exec-6] c.m.s.service.memoryleak.MapManager      : Deleted 1000 Records from map!
2024-08-02T22:12:55.688-06:00  INFO 5047 --- [springboot-memory-issues] [http-nio-8080-exec-6] c.m.s.service.memoryleak.MapManager      : Deleted 1000 Records from map!
2024-08-02T22:12:55.797-06:00  INFO 5047 --- [springboot-memory-issues] [http-nio-8080-exec-6] c.m.s.service.memoryleak.MapManager      : Deleted 1000 Records from map!
2024-08-02T22:12:55.899-06:00  INFO 5047 --- [springboot-memory-issues] [http-nio-8080-exec-6] c.m.s.service.memoryleak.MapManager      : Deleted 1000 Records from map!
2024-08-02T22:12:56.010-06:00  INFO 5047 --- [springboot-memory-issues] [http-nio-8080-exec-6] c.m.s.service.memoryleak.MapManager      : Deleted 1000 Records from map!
2024-08-02T22:12:56.120-06:00  INFO 5047 --- [springboot-memory-issues] [http-nio-8080-exec-6] c.m.s.service.memoryleak.MapManager      : Deleted 1000 Records from map!
2024-08-02T22:12:56.222-06:00  INFO 5047 --- [springboot-memory-issues] [http-nio-8080-exec-6] c.m.s.service.memoryleak.MapManager      : Deleted 1000 Records from map!
2024-08-02T22:12:56.329-06:00  INFO 5047 --- [springboot-memory-issues] [http-nio-8080-exec-6] c.m.s.service.memoryleak.MapManager      : Deleted 1000 Records from map!
2024-08-02T22:12:56.430-06:00  INFO 5047 --- [springboot-memory-issues] [http-nio-8080-exec-6] c.m.s.service.memoryleak.MapManager      : Deleted 1000 Records from map!
2024-08-02T22:12:56.539-06:00  INFO 5047 --- [springboot-memory-issues] [http-nio-8080-exec-6] c.m.s.service.memoryleak.MapManager      : Deleted 1000 Records from map!
2024-08-02T22:12:56.644-06:00  INFO 5047 --- [springboot-memory-issues] [http-nio-8080-exec-6] c.m.s.service.memoryleak.MapManager      : Deleted 1000 Records from map!
2024-08-02T22:12:56.751-06:00  INFO 5047 --- [springboot-memory-issues] [http-nio-8080-exec-6] c.m.s.service.memoryleak.MapManager      : Deleted 1000 Records from map!
2024-08-02T22:12:56.860-06:00  INFO 5047 --- [springboot-memory-issues] [http-nio-8080-exec-6] c.m.s.service.memoryleak.MapManager      : Deleted 1000 Records from map!
2024-08-02T22:12:56.970-06:00  INFO 5047 --- [springboot-memory-issues] [http-nio-8080-exec-6] c.m.s.service.memoryleak.MapManager      : Deleted 1000 Records from map!
2024-08-02T22:12:57.071-06:00  INFO 5047 --- [springboot-memory-issues] [http-nio-8080-exec-6] c.m.s.service.memoryleak.MapManager      : Deleted 1000 Records from map!
2024-08-02T22:12:57.173-06:00  INFO 5047 --- [springboot-memory-issues] [http-nio-8080-exec-6] c.m.s.service.memoryleak.MapManager      : Deleted 1000 Records from map!
2024-08-02T22:12:57.283-06:00  INFO 5047 --- [springboot-memory-issues] [http-nio-8080-exec-6] c.m.s.service.memoryleak.MapManager      : Deleted 1000 Records from map!
2024-08-02T22:12:57.393-06:00  INFO 5047 --- [springboot-memory-issues] [http-nio-8080-exec-6] c.m.s.service.memoryleak.MapManager      : Deleted 1000 Records from map!
2024-08-02T22:12:57.496-06:00  INFO 5047 --- [springboot-memory-issues] [http-nio-8080-exec-6] c.m.s.service.memoryleak.MapManager      : Deleted 1000 Records from map!
2024-08-02T22:12:57.604-06:00  INFO 5047 --- [springboot-memory-issues] [http-nio-8080-exec-6] c.m.s.service.memoryleak.MapManager      : Deleted 1000 Records from map!
2024-08-02T22:12:57.712-06:00  INFO 5047 --- [springboot-memory-issues] [http-nio-8080-exec-6] c.m.s.service.memoryleak.MapManager      : Deleted 1000 Records from map!
2024-08-02T22:12:57.822-06:00  INFO 5047 --- [springboot-memory-issues] [http-nio-8080-exec-6] c.m.s.service.memoryleak.MapManager      : Deleted 1000 Records from map!
2024-08-02T22:12:57.923-06:00  INFO 5047 --- [springboot-memory-issues] [http-nio-8080-exec-6] c.m.s.service.memoryleak.MapManager      : Deleted 1000 Records from map!
2024-08-02T22:12:58.032-06:00  INFO 5047 --- [springboot-memory-issues] [http-nio-8080-exec-6] c.m.s.service.memoryleak.MapManager      : Deleted 1000 Records from map!
2024-08-02T22:12:58.137-06:00  INFO 5047 --- [springboot-memory-issues] [http-nio-8080-exec-6] c.m.s.service.memoryleak.MapManager      : Deleted 1000 Records from map!
2024-08-02T22:12:58.245-06:00  INFO 5047 --- [springboot-memory-issues] [http-nio-8080-exec-6] c.m.s.service.memoryleak.MapManager      : Deleted 1000 Records from map!
2024-08-02T22:12:58.345-06:00  INFO 5047 --- [springboot-memory-issues] [http-nio-8080-exec-6] c.m.s.service.memoryleak.MapManager      : Deleted 1000 Records from map!
2024-08-02T22:12:58.455-06:00  INFO 5047 --- [springboot-memory-issues] [http-nio-8080-exec-6] c.m.s.service.memoryleak.MapManager      : Deleted 1000 Records from map!
2024-08-02T22:12:58.562-06:00  INFO 5047 --- [springboot-memory-issues] [http-nio-8080-exec-6] c.m.s.service.memoryleak.MapManager      : Deleted 1000 Records from map!
2024-08-02T22:12:58.669-06:00  INFO 5047 --- [springboot-memory-issues] [http-nio-8080-exec-6] c.m.s.service.memoryleak.MapManager      : Deleted 1000 Records from map!
2024-08-02T22:12:58.772-06:00  INFO 5047 --- [springboot-memory-issues] [http-nio-8080-exec-6] c.m.s.service.memoryleak.MapManager      : Deleted 1000 Records from map!
2024-08-02T22:12:58.878-06:00  INFO 5047 --- [springboot-memory-issues] [http-nio-8080-exec-6] c.m.s.service.memoryleak.MapManager      : Deleted 1000 Records from map!
2024-08-02T22:12:58.988-06:00  INFO 5047 --- [springboot-memory-issues] [http-nio-8080-exec-6] c.m.s.service.memoryleak.MapManager      : Deleted 1000 Records from map!
2024-08-02T22:12:59.096-06:00  INFO 5047 --- [springboot-memory-issues] [http-nio-8080-exec-6] c.m.s.service.memoryleak.MapManager      : Deleted 1000 Records from map!
2024-08-02T22:12:59.205-06:00  INFO 5047 --- [springboot-memory-issues] [http-nio-8080-exec-6] c.m.s.service.memoryleak.MapManager      : Deleted 1000 Records from map!
2024-08-02T22:12:59.312-06:00  INFO 5047 --- [springboot-memory-issues] [http-nio-8080-exec-6] c.m.s.service.memoryleak.MapManager      : Deleted 1000 Records from map!
2024-08-02T22:12:59.417-06:00  INFO 5047 --- [springboot-memory-issues] [http-nio-8080-exec-6] c.m.s.service.memoryleak.MapManager      : Deleted 1000 Records from map!
2024-08-02T22:12:59.525-06:00  INFO 5047 --- [springboot-memory-issues] [http-nio-8080-exec-6] c.m.s.service.memoryleak.MapManager      : Deleted 1000 Records from map!
2024-08-02T22:12:59.629-06:00  INFO 5047 --- [springboot-memory-issues] [http-nio-8080-exec-6] c.m.s.service.memoryleak.MapManager      : Deleted 1000 Records from map!
2024-08-02T22:12:59.737-06:00  INFO 5047 --- [springboot-memory-issues] [http-nio-8080-exec-6] c.m.s.service.memoryleak.MapManager      : Deleted 1000 Records from map!
2024-08-02T22:12:59.844-06:00  INFO 5047 --- [springboot-memory-issues] [http-nio-8080-exec-6] c.m.s.service.memoryleak.MapManager      : Deleted 1000 Records from map!
2024-08-02T22:12:59.951-06:00  INFO 5047 --- [springboot-memory-issues] [http-nio-8080-exec-6] c.m.s.service.memoryleak.MapManager      : Deleted 1000 Records from map!
2024-08-02T22:13:00.060-06:00  INFO 5047 --- [springboot-memory-issues] [http-nio-8080-exec-6] c.m.s.service.memoryleak.MapManager      : Deleted 1000 Records from map!
2024-08-02T22:13:00.166-06:00  INFO 5047 --- [springboot-memory-issues] [http-nio-8080-exec-6] c.m.s.service.memoryleak.MapManager      : Deleted 1000 Records from map!
2024-08-02T22:13:00.272-06:00  INFO 5047 --- [springboot-memory-issues] [http-nio-8080-exec-6] c.m.s.service.memoryleak.MapManager      : Deleted 1000 Records from map!
2024-08-02T22:13:00.380-06:00  INFO 5047 --- [springboot-memory-issues] [http-nio-8080-exec-6] c.m.s.service.memoryleak.MapManager      : Deleted 1000 Records from map!
2024-08-02T22:13:00.488-06:00  INFO 5047 --- [springboot-memory-issues] [http-nio-8080-exec-6] c.m.s.service.memoryleak.MapManager      : Deleted 1000 Records from map!
2024-08-02T22:13:00.596-06:00  INFO 5047 --- [springboot-memory-issues] [http-nio-8080-exec-6] c.m.s.service.memoryleak.MapManager      : Deleted 1000 Records from map!
2024-08-02T22:13:00.705-06:00  INFO 5047 --- [springboot-memory-issues] [http-nio-8080-exec-6] c.m.s.service.memoryleak.MapManager      : Deleted 1000 Records from map!
2024-08-02T22:13:00.812-06:00  INFO 5047 --- [springboot-memory-issues] [http-nio-8080-exec-6] c.m.s.service.memoryleak.MapManager      : Deleted 1000 Records from map!
2024-08-02T22:13:00.920-06:00  INFO 5047 --- [springboot-memory-issues] [http-nio-8080-exec-6] c.m.s.service.memoryleak.MapManager      : Deleted 1000 Records from map!
2024-08-02T22:13:01.028-06:00  INFO 5047 --- [springboot-memory-issues] [http-nio-8080-exec-6] c.m.s.service.memoryleak.MapManager      : Deleted 1000 Records from map!
2024-08-02T22:13:01.134-06:00  INFO 5047 --- [springboot-memory-issues] [http-nio-8080-exec-6] c.m.s.service.memoryleak.MapManager      : Deleted 1000 Records from map!
2024-08-02T22:13:01.243-06:00  INFO 5047 --- [springboot-memory-issues] [http-nio-8080-exec-6] c.m.s.service.memoryleak.MapManager      : Deleted 1000 Records from map!
2024-08-02T22:13:01.370-06:00  INFO 5047 --- [springboot-memory-issues] [http-nio-8080-exec-6] c.m.s.service.memoryleak.MapManager      : Deleted 1000 Records from map!
2024-08-02T22:13:01.479-06:00  INFO 5047 --- [springboot-memory-issues] [http-nio-8080-exec-6] c.m.s.service.memoryleak.MapManager      : Deleted 1000 Records from map!
2024-08-02T22:13:01.593-06:00  INFO 5047 --- [springboot-memory-issues] [http-nio-8080-exec-6] c.m.s.service.memoryleak.MapManager      : Deleted 1000 Records from map!
2024-08-02T22:13:01.703-06:00  INFO 5047 --- [springboot-memory-issues] [http-nio-8080-exec-6] c.m.s.service.memoryleak.MapManager      : Deleted 1000 Records from map!
2024-08-02T22:13:01.723-06:00  INFO 5047 --- [springboot-memory-issues] [http-nio-8080-exec-6] c.m.s.s.m.MemoryLeakDemoService          : Application terminated
2024-08-02T22:13:01.745-06:00  INFO 5047 --- [springboot-memory-issues] [SpringApplicationShutdownHook] j.LocalContainerEntityManagerFactoryBean : Closing JPA EntityManagerFactory for persistence unit 'default'
2024-08-02T22:13:01.749-06:00  INFO 5047 --- [springboot-memory-issues] [SpringApplicationShutdownHook] com.zaxxer.hikari.HikariDataSource       : HikariPool-1 - Shutdown initiated...
2024-08-02T22:13:01.752-06:00  INFO 5047 --- [springboot-memory-issues] [SpringApplicationShutdownHook] com.zaxxer.hikari.HikariDataSource       : HikariPool-1 - Shutdown completed.
